DEBUG main freemarker.cache - "test-view/standard.ftl"("en", UTF-8, parsed) cached copy not yet stale; using cached.
DEBUG main freemarker.cache - Couldn't find template in cache for "category-view/category-view.ftl"("en", UTF-8, parsed); will try to load it.
DEBUG main freemarker.cache - TemplateLoader.findTemplateSource("category-view/category-view_en.ftl"): Not found
DEBUG main freemarker.cache - TemplateLoader.findTemplateSource("category-view/category-view.ftl"): Found
DEBUG main freemarker.cache - Loading template for "category-view/category-view.ftl"("en", UTF-8, parsed) from "jar:file:/C:/Users/HomePC/.m2/repository/com/aventstack/extentreports/3.1.2/extentreports-3.1.2.jar!/com/aventstack/extentreports/view/html-report/category-view/category-view.ftl"
DEBUG main freemarker.cache - Couldn't find template in cache for "author-view/author-view.ftl"("en", UTF-8, parsed); will try to load it.
DEBUG main freemarker.cache - TemplateLoader.findTemplateSource("author-view/author-view_en.ftl"): Not found
DEBUG main freemarker.cache - TemplateLoader.findTemplateSource("author-view/author-view.ftl"): Found
DEBUG main freemarker.cache - Loading template for "author-view/author-view.ftl"("en", UTF-8, parsed) from "jar:file:/C:/Users/HomePC/.m2/repository/com/aventstack/extentreports/3.1.2/extentreports-3.1.2.jar!/com/aventstack/extentreports/view/html-report/author-view/author-view.ftl"
DEBUG main freemarker.cache - Couldn't find template in cache for "exception-view/exception-view.ftl"("en", UTF-8, parsed); will try to load it.
DEBUG main freemarker.cache - TemplateLoader.findTemplateSource("exception-view/exception-view_en.ftl"): Not found
DEBUG main freemarker.cache - TemplateLoader.findTemplateSource("exception-view/exception-view.ftl"): Found
DEBUG main freemarker.cache - Loading template for "exception-view/exception-view.ftl"("en", UTF-8, parsed) from "jar:file:/C:/Users/HomePC/.m2/repository/com/aventstack/extentreports/3.1.2/extentreports-3.1.2.jar!/com/aventstack/extentreports/view/html-report/exception-view/exception-view.ftl"
DEBUG main freemarker.cache - Couldn't find template in cache for "dashboard-view/dashboard-view.ftl"("en", UTF-8, parsed); will try to load it.
DEBUG main freemarker.cache - TemplateLoader.findTemplateSource("dashboard-view/dashboard-view_en.ftl"): Not found
DEBUG main freemarker.cache - TemplateLoader.findTemplateSource("dashboard-view/dashboard-view.ftl"): Found
DEBUG main freemarker.cache - Loading template for "dashboard-view/dashboard-view.ftl"("en", UTF-8, parsed) from "jar:file:/C:/Users/HomePC/.m2/repository/com/aventstack/extentreports/3.1.2/extentreports-3.1.2.jar!/com/aventstack/extentreports/view/html-report/dashboard-view/dashboard-view.ftl"
DEBUG main freemarker.cache - Couldn't find template in cache for "logs-view/testrunner-logs-view.ftl"("en", UTF-8, parsed); will try to load it.
DEBUG main freemarker.cache - TemplateLoader.findTemplateSource("logs-view/testrunner-logs-view_en.ftl"): Not found
DEBUG main freemarker.cache - TemplateLoader.findTemplateSource("logs-view/testrunner-logs-view.ftl"): Found
DEBUG main freemarker.cache - Loading template for "logs-view/testrunner-logs-view.ftl"("en", UTF-8, parsed) from "jar:file:/C:/Users/HomePC/.m2/repository/com/aventstack/extentreports/3.1.2/extentreports-3.1.2.jar!/com/aventstack/extentreports/view/html-report/logs-view/testrunner-logs-view.ftl"
INFO main ebanking - URL is opened
INFO main ebanking - Entered UN
INFO main ebanking - Entered PW
INFO main ebanking - Login is Successfull 
INFO main ebanking - XL started here
INFO main ebanking - user name provided
INFO main ebanking - pw  provided
INFO main ebanking - login passed
INFO main ebanking - user name provided
INFO main ebanking - pw  provided
INFO main ebanking - login passed
INFO main ebanking - user name given
INFO main ebanking - password given
INFO main ebanking - providing customer details
INFO main ebanking - validation started...
INFO main ebanking - test case passed
DEBUG main freemarker.cache - Couldn't find template in cache for "index.ftl"("en", UTF-8, parsed); will try to load it.
DEBUG main freemarker.cache - TemplateLoader.findTemplateSource("index_en.ftl"): Not found
DEBUG main freemarker.cache - TemplateLoader.findTemplateSource("index.ftl"): Found
DEBUG main freemarker.cache - Loading template for "index.ftl"("en", UTF-8, parsed) from "jar:file:/C:/Users/HomePC/.m2/repository/com/aventstack/extentreports/3.1.2/extentreports-3.1.2.jar!/com/aventstack/extentreports/view/html-report/index.ftl"
DEBUG main freemarker.cache - Couldn't find template in cache for "head.ftl"("en", UTF-8, parsed); will try to load it.
DEBUG main freemarker.cache - TemplateLoader.findTemplateSource("head_en.ftl"): Not found
DEBUG main freemarker.cache - TemplateLoader.findTemplateSource("head.ftl"): Found
DEBUG main freemarker.cache - Loading template for "head.ftl"("en", UTF-8, parsed) from "jar:file:/C:/Users/HomePC/.m2/repository/com/aventstack/extentreports/3.1.2/extentreports-3.1.2.jar!/com/aventstack/extentreports/view/html-report/head.ftl"
DEBUG main freemarker.cache - Couldn't find template in cache for "nav.ftl"("en", UTF-8, parsed); will try to load it.
DEBUG main freemarker.cache - TemplateLoader.findTemplateSource("nav_en.ftl"): Not found
DEBUG main freemarker.cache - TemplateLoader.findTemplateSource("nav.ftl"): Found
DEBUG main freemarker.cache - Loading template for "nav.ftl"("en", UTF-8, parsed) from "jar:file:/C:/Users/HomePC/.m2/repository/com/aventstack/extentreports/3.1.2/extentreports-3.1.2.jar!/com/aventstack/extentreports/view/html-report/nav.ftl"
DEBUG main freemarker.cache - Couldn't find template in cache for "test-view/test-view.ftl"("en", UTF-8, parsed); will try to load it.
DEBUG main freemarker.cache - TemplateLoader.findTemplateSource("test-view/test-view_en.ftl"): Not found
DEBUG main freemarker.cache - TemplateLoader.findTemplateSource("test-view/test-view.ftl"): Found
DEBUG main freemarker.cache - Loading template for "test-view/test-view.ftl"("en", UTF-8, parsed) from "jar:file:/C:/Users/HomePC/.m2/repository/com/aventstack/extentreports/3.1.2/extentreports-3.1.2.jar!/com/aventstack/extentreports/view/html-report/test-view/test-view.ftl"
DEBUG main freemarker.cache - Couldn't find template in cache for "test-view/test-view-charts.ftl"("en", UTF-8, parsed); will try to load it.
DEBUG main freemarker.cache - TemplateLoader.findTemplateSource("test-view/test-view-charts_en.ftl"): Not found
DEBUG main freemarker.cache - TemplateLoader.findTemplateSource("test-view/test-view-charts.ftl"): Found
DEBUG main freemarker.cache - Loading template for "test-view/test-view-charts.ftl"("en", UTF-8, parsed) from "jar:file:/C:/Users/HomePC/.m2/repository/com/aventstack/extentreports/3.1.2/extentreports-3.1.2.jar!/com/aventstack/extentreports/view/html-report/test-view/test-view-charts.ftl"
DEBUG main freemarker.cache - Couldn't find template in cache for "test-view/standard.ftl"("en", UTF-8, parsed); will try to load it.
DEBUG main freemarker.cache - TemplateLoader.findTemplateSource("test-view/standard_en.ftl"): Not found
DEBUG main freemarker.cache - TemplateLoader.findTemplateSource("test-view/standard.ftl"): Found
DEBUG main freemarker.cache - Loading template for "test-view/standard.ftl"("en", UTF-8, parsed) from "jar:file:/C:/Users/HomePC/.m2/repository/com/aventstack/extentreports/3.1.2/extentreports-3.1.2.jar!/com/aventstack/extentreports/view/html-report/test-view/standard.ftl"
DEBUG main freemarker.cache - "test-view/standard.ftl"("en", UTF-8, parsed) cached copy not yet stale; using cached.
DEBUG main freemarker.cache - "test-view/standard.ftl"("en", UTF-8, parsed) cached copy not yet stale; using cached.
DEBUG main freemarker.cache - "test-view/standard.ftl"("en", UTF-8, parsed) cached copy not yet stale; using cached.
DEBUG main freemarker.cache - Couldn't find template in cache for "category-view/category-view.ftl"("en", UTF-8, parsed); will try to load it.
DEBUG main freemarker.cache - TemplateLoader.findTemplateSource("category-view/category-view_en.ftl"): Not found
DEBUG main freemarker.cache - TemplateLoader.findTemplateSource("category-view/category-view.ftl"): Found
DEBUG main freemarker.cache - Loading template for "category-view/category-view.ftl"("en", UTF-8, parsed) from "jar:file:/C:/Users/HomePC/.m2/repository/com/aventstack/extentreports/3.1.2/extentreports-3.1.2.jar!/com/aventstack/extentreports/view/html-report/category-view/category-view.ftl"
DEBUG main freemarker.cache - Couldn't find template in cache for "author-view/author-view.ftl"("en", UTF-8, parsed); will try to load it.
DEBUG main freemarker.cache - TemplateLoader.findTemplateSource("author-view/author-view_en.ftl"): Not found
DEBUG main freemarker.cache - TemplateLoader.findTemplateSource("author-view/author-view.ftl"): Found
DEBUG main freemarker.cache - Loading template for "author-view/author-view.ftl"("en", UTF-8, parsed) from "jar:file:/C:/Users/HomePC/.m2/repository/com/aventstack/extentreports/3.1.2/extentreports-3.1.2.jar!/com/aventstack/extentreports/view/html-report/author-view/author-view.ftl"
DEBUG main freemarker.cache - Couldn't find template in cache for "exception-view/exception-view.ftl"("en", UTF-8, parsed); will try to load it.
DEBUG main freemarker.cache - TemplateLoader.findTemplateSource("exception-view/exception-view_en.ftl"): Not found
DEBUG main freemarker.cache - TemplateLoader.findTemplateSource("exception-view/exception-view.ftl"): Found
DEBUG main freemarker.cache - Loading template for "exception-view/exception-view.ftl"("en", UTF-8, parsed) from "jar:file:/C:/Users/HomePC/.m2/repository/com/aventstack/extentreports/3.1.2/extentreports-3.1.2.jar!/com/aventstack/extentreports/view/html-report/exception-view/exception-view.ftl"
DEBUG main freemarker.cache - Couldn't find template in cache for "dashboard-view/dashboard-view.ftl"("en", UTF-8, parsed); will try to load it.
DEBUG main freemarker.cache - TemplateLoader.findTemplateSource("dashboard-view/dashboard-view_en.ftl"): Not found
DEBUG main freemarker.cache - TemplateLoader.findTemplateSource("dashboard-view/dashboard-view.ftl"): Found
DEBUG main freemarker.cache - Loading template for "dashboard-view/dashboard-view.ftl"("en", UTF-8, parsed) from "jar:file:/C:/Users/HomePC/.m2/repository/com/aventstack/extentreports/3.1.2/extentreports-3.1.2.jar!/com/aventstack/extentreports/view/html-report/dashboard-view/dashboard-view.ftl"
DEBUG main freemarker.cache - Couldn't find template in cache for "logs-view/testrunner-logs-view.ftl"("en", UTF-8, parsed); will try to load it.
DEBUG main freemarker.cache - TemplateLoader.findTemplateSource("logs-view/testrunner-logs-view_en.ftl"): Not found
DEBUG main freemarker.cache - TemplateLoader.findTemplateSource("logs-view/testrunner-logs-view.ftl"): Found
DEBUG main freemarker.cache - Loading template for "logs-view/testrunner-logs-view.ftl"("en", UTF-8, parsed) from "jar:file:/C:/Users/HomePC/.m2/repository/com/aventstack/extentreports/3.1.2/extentreports-3.1.2.jar!/com/aventstack/extentreports/view/html-report/logs-view/testrunner-logs-view.ftl"
INFO main ebanking - URL is opened
INFO main ebanking - Entered UN
INFO main ebanking - Entered PW
INFO main ebanking - Login is Successfull 
INFO main ebanking - XL started here
INFO main ebanking - user name provided
INFO main ebanking - pw  provided
INFO main ebanking - user name given
INFO main ebanking - password given
INFO main ebanking - providing customer details
INFO main ebanking - validation started...
DEBUG main freemarker.cache - Couldn't find template in cache for "index.ftl"("en", UTF-8, parsed); will try to load it.
DEBUG main freemarker.cache - TemplateLoader.findTemplateSource("index_en.ftl"): Not found
DEBUG main freemarker.cache - TemplateLoader.findTemplateSource("index.ftl"): Found
DEBUG main freemarker.cache - Loading template for "index.ftl"("en", UTF-8, parsed) from "jar:file:/C:/Users/HomePC/.m2/repository/com/aventstack/extentreports/3.1.2/extentreports-3.1.2.jar!/com/aventstack/extentreports/view/html-report/index.ftl"
DEBUG main freemarker.cache - Couldn't find template in cache for "head.ftl"("en", UTF-8, parsed); will try to load it.
DEBUG main freemarker.cache - TemplateLoader.findTemplateSource("head_en.ftl"): Not found
DEBUG main freemarker.cache - TemplateLoader.findTemplateSource("head.ftl"): Found
DEBUG main freemarker.cache - Loading template for "head.ftl"("en", UTF-8, parsed) from "jar:file:/C:/Users/HomePC/.m2/repository/com/aventstack/extentreports/3.1.2/extentreports-3.1.2.jar!/com/aventstack/extentreports/view/html-report/head.ftl"
DEBUG main freemarker.cache - Couldn't find template in cache for "nav.ftl"("en", UTF-8, parsed); will try to load it.
DEBUG main freemarker.cache - TemplateLoader.findTemplateSource("nav_en.ftl"): Not found
DEBUG main freemarker.cache - TemplateLoader.findTemplateSource("nav.ftl"): Found
DEBUG main freemarker.cache - Loading template for "nav.ftl"("en", UTF-8, parsed) from "jar:file:/C:/Users/HomePC/.m2/repository/com/aventstack/extentreports/3.1.2/extentreports-3.1.2.jar!/com/aventstack/extentreports/view/html-report/nav.ftl"
DEBUG main freemarker.cache - Couldn't find template in cache for "test-view/test-view.ftl"("en", UTF-8, parsed); will try to load it.
DEBUG main freemarker.cache - TemplateLoader.findTemplateSource("test-view/test-view_en.ftl"): Not found
DEBUG main freemarker.cache - TemplateLoader.findTemplateSource("test-view/test-view.ftl"): Found
DEBUG main freemarker.cache - Loading template for "test-view/test-view.ftl"("en", UTF-8, parsed) from "jar:file:/C:/Users/HomePC/.m2/repository/com/aventstack/extentreports/3.1.2/extentreports-3.1.2.jar!/com/aventstack/extentreports/view/html-report/test-view/test-view.ftl"
DEBUG main freemarker.cache - Couldn't find template in cache for "test-view/test-view-charts.ftl"("en", UTF-8, parsed); will try to load it.
DEBUG main freemarker.cache - TemplateLoader.findTemplateSource("test-view/test-view-charts_en.ftl"): Not found
DEBUG main freemarker.cache - TemplateLoader.findTemplateSource("test-view/test-view-charts.ftl"): Found
DEBUG main freemarker.cache - Loading template for "test-view/test-view-charts.ftl"("en", UTF-8, parsed) from "jar:file:/C:/Users/HomePC/.m2/repository/com/aventstack/extentreports/3.1.2/extentreports-3.1.2.jar!/com/aventstack/extentreports/view/html-report/test-view/test-view-charts.ftl"
DEBUG main freemarker.cache - Couldn't find template in cache for "test-view/standard.ftl"("en", UTF-8, parsed); will try to load it.
DEBUG main freemarker.cache - TemplateLoader.findTemplateSource("test-view/standard_en.ftl"): Not found
DEBUG main freemarker.cache - TemplateLoader.findTemplateSource("test-view/standard.ftl"): Found
DEBUG main freemarker.cache - Loading template for "test-view/standard.ftl"("en", UTF-8, parsed) from "jar:file:/C:/Users/HomePC/.m2/repository/com/aventstack/extentreports/3.1.2/extentreports-3.1.2.jar!/com/aventstack/extentreports/view/html-report/test-view/standard.ftl"
DEBUG main freemarker.cache - "test-view/standard.ftl"("en", UTF-8, parsed) cached copy not yet stale; using cached.
DEBUG main freemarker.cache - "test-view/standard.ftl"("en", UTF-8, parsed) cached copy not yet stale; using cached.
DEBUG main freemarker.cache - "test-view/standard.ftl"("en", UTF-8, parsed) cached copy not yet stale; using cached.
DEBUG main freemarker.cache - Couldn't find template in cache for "category-view/category-view.ftl"("en", UTF-8, parsed); will try to load it.
DEBUG main freemarker.cache - TemplateLoader.findTemplateSource("category-view/category-view_en.ftl"): Not found
DEBUG main freemarker.cache - TemplateLoader.findTemplateSource("category-view/category-view.ftl"): Found
DEBUG main freemarker.cache - Loading template for "category-view/category-view.ftl"("en", UTF-8, parsed) from "jar:file:/C:/Users/HomePC/.m2/repository/com/aventstack/extentreports/3.1.2/extentreports-3.1.2.jar!/com/aventstack/extentreports/view/html-report/category-view/category-view.ftl"
DEBUG main freemarker.cache - Couldn't find template in cache for "author-view/author-view.ftl"("en", UTF-8, parsed); will try to load it.
DEBUG main freemarker.cache - TemplateLoader.findTemplateSource("author-view/author-view_en.ftl"): Not found
DEBUG main freemarker.cache - TemplateLoader.findTemplateSource("author-view/author-view.ftl"): Found
DEBUG main freemarker.cache - Loading template for "author-view/author-view.ftl"("en", UTF-8, parsed) from "jar:file:/C:/Users/HomePC/.m2/repository/com/aventstack/extentreports/3.1.2/extentreports-3.1.2.jar!/com/aventstack/extentreports/view/html-report/author-view/author-view.ftl"
DEBUG main freemarker.cache - Couldn't find template in cache for "exception-view/exception-view.ftl"("en", UTF-8, parsed); will try to load it.
DEBUG main freemarker.cache - TemplateLoader.findTemplateSource("exception-view/exception-view_en.ftl"): Not found
DEBUG main freemarker.cache - TemplateLoader.findTemplateSource("exception-view/exception-view.ftl"): Found
DEBUG main freemarker.cache - Loading template for "exception-view/exception-view.ftl"("en", UTF-8, parsed) from "jar:file:/C:/Users/HomePC/.m2/repository/com/aventstack/extentreports/3.1.2/extentreports-3.1.2.jar!/com/aventstack/extentreports/view/html-report/exception-view/exception-view.ftl"
DEBUG main freemarker.cache - Couldn't find template in cache for "dashboard-view/dashboard-view.ftl"("en", UTF-8, parsed); will try to load it.
DEBUG main freemarker.cache - TemplateLoader.findTemplateSource("dashboard-view/dashboard-view_en.ftl"): Not found
DEBUG main freemarker.cache - TemplateLoader.findTemplateSource("dashboard-view/dashboard-view.ftl"): Found
DEBUG main freemarker.cache - Loading template for "dashboard-view/dashboard-view.ftl"("en", UTF-8, parsed) from "jar:file:/C:/Users/HomePC/.m2/repository/com/aventstack/extentreports/3.1.2/extentreports-3.1.2.jar!/com/aventstack/extentreports/view/html-report/dashboard-view/dashboard-view.ftl"
DEBUG main freemarker.cache - Couldn't find template in cache for "logs-view/testrunner-logs-view.ftl"("en", UTF-8, parsed); will try to load it.
DEBUG main freemarker.cache - TemplateLoader.findTemplateSource("logs-view/testrunner-logs-view_en.ftl"): Not found
DEBUG main freemarker.cache - TemplateLoader.findTemplateSource("logs-view/testrunner-logs-view.ftl"): Found
DEBUG main freemarker.cache - Loading template for "logs-view/testrunner-logs-view.ftl"("en", UTF-8, parsed) from "jar:file:/C:/Users/HomePC/.m2/repository/com/aventstack/extentreports/3.1.2/extentreports-3.1.2.jar!/com/aventstack/extentreports/view/html-report/logs-view/testrunner-logs-view.ftl"
INFO main ebanking - URL is opened
INFO main ebanking - Entered UN
INFO main ebanking - Entered PW
INFO main ebanking - Login is Successfull 
INFO main ebanking - XL started here
INFO main ebanking - user name provided
INFO main ebanking - pw  provided
INFO main ebanking - login passed
INFO main ebanking - user name provided
INFO main ebanking - pw  provided
INFO main ebanking - login passed
INFO main ebanking - user name given
INFO main ebanking - password given
INFO main ebanking - providing customer details
INFO main ebanking - validation started...
INFO main ebanking - test case passed
DEBUG main freemarker.cache - Couldn't find template in cache for "index.ftl"("en", UTF-8, parsed); will try to load it.
DEBUG main freemarker.cache - TemplateLoader.findTemplateSource("index_en.ftl"): Not found
DEBUG main freemarker.cache - TemplateLoader.findTemplateSource("index.ftl"): Found
DEBUG main freemarker.cache - Loading template for "index.ftl"("en", UTF-8, parsed) from "jar:file:/C:/Users/HomePC/.m2/repository/com/aventstack/extentreports/3.1.2/extentreports-3.1.2.jar!/com/aventstack/extentreports/view/html-report/index.ftl"
DEBUG main freemarker.cache - Couldn't find template in cache for "head.ftl"("en", UTF-8, parsed); will try to load it.
DEBUG main freemarker.cache - TemplateLoader.findTemplateSource("head_en.ftl"): Not found
DEBUG main freemarker.cache - TemplateLoader.findTemplateSource("head.ftl"): Found
DEBUG main freemarker.cache - Loading template for "head.ftl"("en", UTF-8, parsed) from "jar:file:/C:/Users/HomePC/.m2/repository/com/aventstack/extentreports/3.1.2/extentreports-3.1.2.jar!/com/aventstack/extentreports/view/html-report/head.ftl"
DEBUG main freemarker.cache - Couldn't find template in cache for "nav.ftl"("en", UTF-8, parsed); will try to load it.
DEBUG main freemarker.cache - TemplateLoader.findTemplateSource("nav_en.ftl"): Not found
DEBUG main freemarker.cache - TemplateLoader.findTemplateSource("nav.ftl"): Found
DEBUG main freemarker.cache - Loading template for "nav.ftl"("en", UTF-8, parsed) from "jar:file:/C:/Users/HomePC/.m2/repository/com/aventstack/extentreports/3.1.2/extentreports-3.1.2.jar!/com/aventstack/extentreports/view/html-report/nav.ftl"
DEBUG main freemarker.cache - Couldn't find template in cache for "test-view/test-view.ftl"("en", UTF-8, parsed); will try to load it.
DEBUG main freemarker.cache - TemplateLoader.findTemplateSource("test-view/test-view_en.ftl"): Not found
DEBUG main freemarker.cache - TemplateLoader.findTemplateSource("test-view/test-view.ftl"): Found
DEBUG main freemarker.cache - Loading template for "test-view/test-view.ftl"("en", UTF-8, parsed) from "jar:file:/C:/Users/HomePC/.m2/repository/com/aventstack/extentreports/3.1.2/extentreports-3.1.2.jar!/com/aventstack/extentreports/view/html-report/test-view/test-view.ftl"
DEBUG main freemarker.cache - Couldn't find template in cache for "test-view/test-view-charts.ftl"("en", UTF-8, parsed); will try to load it.
DEBUG main freemarker.cache - TemplateLoader.findTemplateSource("test-view/test-view-charts_en.ftl"): Not found
DEBUG main freemarker.cache - TemplateLoader.findTemplateSource("test-view/test-view-charts.ftl"): Found
DEBUG main freemarker.cache - Loading template for "test-view/test-view-charts.ftl"("en", UTF-8, parsed) from "jar:file:/C:/Users/HomePC/.m2/repository/com/aventstack/extentreports/3.1.2/extentreports-3.1.2.jar!/com/aventstack/extentreports/view/html-report/test-view/test-view-charts.ftl"
DEBUG main freemarker.cache - Couldn't find template in cache for "test-view/standard.ftl"("en", UTF-8, parsed); will try to load it.
DEBUG main freemarker.cache - TemplateLoader.findTemplateSource("test-view/standard_en.ftl"): Not found
DEBUG main freemarker.cache - TemplateLoader.findTemplateSource("test-view/standard.ftl"): Found
DEBUG main freemarker.cache - Loading template for "test-view/standard.ftl"("en", UTF-8, parsed) from "jar:file:/C:/Users/HomePC/.m2/repository/com/aventstack/extentreports/3.1.2/extentreports-3.1.2.jar!/com/aventstack/extentreports/view/html-report/test-view/standard.ftl"
DEBUG main freemarker.cache - "test-view/standard.ftl"("en", UTF-8, parsed) cached copy not yet stale; using cached.
DEBUG main freemarker.cache - "test-view/standard.ftl"("en", UTF-8, parsed) cached copy not yet stale; using cached.
DEBUG main freemarker.cache - "test-view/standard.ftl"("en", UTF-8, parsed) cached copy not yet stale; using cached.
DEBUG main freemarker.cache - Couldn't find template in cache for "category-view/category-view.ftl"("en", UTF-8, parsed); will try to load it.
DEBUG main freemarker.cache - TemplateLoader.findTemplateSource("category-view/category-view_en.ftl"): Not found
DEBUG main freemarker.cache - TemplateLoader.findTemplateSource("category-view/category-view.ftl"): Found
DEBUG main freemarker.cache - Loading template for "category-view/category-view.ftl"("en", UTF-8, parsed) from "jar:file:/C:/Users/HomePC/.m2/repository/com/aventstack/extentreports/3.1.2/extentreports-3.1.2.jar!/com/aventstack/extentreports/view/html-report/category-view/category-view.ftl"
DEBUG main freemarker.cache - Couldn't find template in cache for "author-view/author-view.ftl"("en", UTF-8, parsed); will try to load it.
DEBUG main freemarker.cache - TemplateLoader.findTemplateSource("author-view/author-view_en.ftl"): Not found
DEBUG main freemarker.cache - TemplateLoader.findTemplateSource("author-view/author-view.ftl"): Found
DEBUG main freemarker.cache - Loading template for "author-view/author-view.ftl"("en", UTF-8, parsed) from "jar:file:/C:/Users/HomePC/.m2/repository/com/aventstack/extentreports/3.1.2/extentreports-3.1.2.jar!/com/aventstack/extentreports/view/html-report/author-view/author-view.ftl"
DEBUG main freemarker.cache - Couldn't find template in cache for "exception-view/exception-view.ftl"("en", UTF-8, parsed); will try to load it.
DEBUG main freemarker.cache - TemplateLoader.findTemplateSource("exception-view/exception-view_en.ftl"): Not found
DEBUG main freemarker.cache - TemplateLoader.findTemplateSource("exception-view/exception-view.ftl"): Found
DEBUG main freemarker.cache - Loading template for "exception-view/exception-view.ftl"("en", UTF-8, parsed) from "jar:file:/C:/Users/HomePC/.m2/repository/com/aventstack/extentreports/3.1.2/extentreports-3.1.2.jar!/com/aventstack/extentreports/view/html-report/exception-view/exception-view.ftl"
DEBUG main freemarker.cache - Couldn't find template in cache for "dashboard-view/dashboard-view.ftl"("en", UTF-8, parsed); will try to load it.
DEBUG main freemarker.cache - TemplateLoader.findTemplateSource("dashboard-view/dashboard-view_en.ftl"): Not found
DEBUG main freemarker.cache - TemplateLoader.findTemplateSource("dashboard-view/dashboard-view.ftl"): Found
DEBUG main freemarker.cache - Loading template for "dashboard-view/dashboard-view.ftl"("en", UTF-8, parsed) from "jar:file:/C:/Users/HomePC/.m2/repository/com/aventstack/extentreports/3.1.2/extentreports-3.1.2.jar!/com/aventstack/extentreports/view/html-report/dashboard-view/dashboard-view.ftl"
DEBUG main freemarker.cache - Couldn't find template in cache for "logs-view/testrunner-logs-view.ftl"("en", UTF-8, parsed); will try to load it.
DEBUG main freemarker.cache - TemplateLoader.findTemplateSource("logs-view/testrunner-logs-view_en.ftl"): Not found
DEBUG main freemarker.cache - TemplateLoader.findTemplateSource("logs-view/testrunner-logs-view.ftl"): Found
DEBUG main freemarker.cache - Loading template for "logs-view/testrunner-logs-view.ftl"("en", UTF-8, parsed) from "jar:file:/C:/Users/HomePC/.m2/repository/com/aventstack/extentreports/3.1.2/extentreports-3.1.2.jar!/com/aventstack/extentreports/view/html-report/logs-view/testrunner-logs-view.ftl"
INFO main ebanking - URL is opened
INFO main ebanking - Entered UN
INFO main ebanking - Entered PW
INFO main ebanking - Login is Successfull 
INFO main ebanking - XL started here
INFO main ebanking - user name provided
INFO main ebanking - pw  provided
INFO main ebanking - login passed
INFO main ebanking - user name provided
INFO main ebanking - pw  provided
INFO main ebanking - login passed
INFO main ebanking - user name given
INFO main ebanking - password given
INFO main ebanking - providing customer details
DEBUG main freemarker.cache - Couldn't find template in cache for "index.ftl"("en", UTF-8, parsed); will try to load it.
DEBUG main freemarker.cache - TemplateLoader.findTemplateSource("index_en.ftl"): Not found
DEBUG main freemarker.cache - TemplateLoader.findTemplateSource("index.ftl"): Found
DEBUG main freemarker.cache - Loading template for "index.ftl"("en", UTF-8, parsed) from "jar:file:/C:/Users/HomePC/.m2/repository/com/aventstack/extentreports/3.1.2/extentreports-3.1.2.jar!/com/aventstack/extentreports/view/html-report/index.ftl"
DEBUG main freemarker.cache - Couldn't find template in cache for "head.ftl"("en", UTF-8, parsed); will try to load it.
DEBUG main freemarker.cache - TemplateLoader.findTemplateSource("head_en.ftl"): Not found
DEBUG main freemarker.cache - TemplateLoader.findTemplateSource("head.ftl"): Found
DEBUG main freemarker.cache - Loading template for "head.ftl"("en", UTF-8, parsed) from "jar:file:/C:/Users/HomePC/.m2/repository/com/aventstack/extentreports/3.1.2/extentreports-3.1.2.jar!/com/aventstack/extentreports/view/html-report/head.ftl"
DEBUG main freemarker.cache - Couldn't find template in cache for "nav.ftl"("en", UTF-8, parsed); will try to load it.
DEBUG main freemarker.cache - TemplateLoader.findTemplateSource("nav_en.ftl"): Not found
DEBUG main freemarker.cache - TemplateLoader.findTemplateSource("nav.ftl"): Found
DEBUG main freemarker.cache - Loading template for "nav.ftl"("en", UTF-8, parsed) from "jar:file:/C:/Users/HomePC/.m2/repository/com/aventstack/extentreports/3.1.2/extentreports-3.1.2.jar!/com/aventstack/extentreports/view/html-report/nav.ftl"
DEBUG main freemarker.cache - Couldn't find template in cache for "test-view/test-view.ftl"("en", UTF-8, parsed); will try to load it.
DEBUG main freemarker.cache - TemplateLoader.findTemplateSource("test-view/test-view_en.ftl"): Not found
DEBUG main freemarker.cache - TemplateLoader.findTemplateSource("test-view/test-view.ftl"): Found
DEBUG main freemarker.cache - Loading template for "test-view/test-view.ftl"("en", UTF-8, parsed) from "jar:file:/C:/Users/HomePC/.m2/repository/com/aventstack/extentreports/3.1.2/extentreports-3.1.2.jar!/com/aventstack/extentreports/view/html-report/test-view/test-view.ftl"
DEBUG main freemarker.cache - Couldn't find template in cache for "test-view/test-view-charts.ftl"("en", UTF-8, parsed); will try to load it.
DEBUG main freemarker.cache - TemplateLoader.findTemplateSource("test-view/test-view-charts_en.ftl"): Not found
DEBUG main freemarker.cache - TemplateLoader.findTemplateSource("test-view/test-view-charts.ftl"): Found
DEBUG main freemarker.cache - Loading template for "test-view/test-view-charts.ftl"("en", UTF-8, parsed) from "jar:file:/C:/Users/HomePC/.m2/repository/com/aventstack/extentreports/3.1.2/extentreports-3.1.2.jar!/com/aventstack/extentreports/view/html-report/test-view/test-view-charts.ftl"
DEBUG main freemarker.cache - Couldn't find template in cache for "test-view/standard.ftl"("en", UTF-8, parsed); will try to load it.
DEBUG main freemarker.cache - TemplateLoader.findTemplateSource("test-view/standard_en.ftl"): Not found
DEBUG main freemarker.cache - TemplateLoader.findTemplateSource("test-view/standard.ftl"): Found
DEBUG main freemarker.cache - Loading template for "test-view/standard.ftl"("en", UTF-8, parsed) from "jar:file:/C:/Users/HomePC/.m2/repository/com/aventstack/extentreports/3.1.2/extentreports-3.1.2.jar!/com/aventstack/extentreports/view/html-report/test-view/standard.ftl"
DEBUG main freemarker.cache - "test-view/standard.ftl"("en", UTF-8, parsed) cached copy not yet stale; using cached.
DEBUG main freemarker.cache - "test-view/standard.ftl"("en", UTF-8, parsed) cached copy not yet stale; using cached.
DEBUG main freemarker.cache - "test-view/standard.ftl"("en", UTF-8, parsed) cached copy not yet stale; using cached.
DEBUG main freemarker.cache - Couldn't find template in cache for "category-view/category-view.ftl"("en", UTF-8, parsed); will try to load it.
DEBUG main freemarker.cache - TemplateLoader.findTemplateSource("category-view/category-view_en.ftl"): Not found
DEBUG main freemarker.cache - TemplateLoader.findTemplateSource("category-view/category-view.ftl"): Found
DEBUG main freemarker.cache - Loading template for "category-view/category-view.ftl"("en", UTF-8, parsed) from "jar:file:/C:/Users/HomePC/.m2/repository/com/aventstack/extentreports/3.1.2/extentreports-3.1.2.jar!/com/aventstack/extentreports/view/html-report/category-view/category-view.ftl"
DEBUG main freemarker.cache - Couldn't find template in cache for "author-view/author-view.ftl"("en", UTF-8, parsed); will try to load it.
DEBUG main freemarker.cache - TemplateLoader.findTemplateSource("author-view/author-view_en.ftl"): Not found
DEBUG main freemarker.cache - TemplateLoader.findTemplateSource("author-view/author-view.ftl"): Found
DEBUG main freemarker.cache - Loading template for "author-view/author-view.ftl"("en", UTF-8, parsed) from "jar:file:/C:/Users/HomePC/.m2/repository/com/aventstack/extentreports/3.1.2/extentreports-3.1.2.jar!/com/aventstack/extentreports/view/html-report/author-view/author-view.ftl"
DEBUG main freemarker.cache - Couldn't find template in cache for "exception-view/exception-view.ftl"("en", UTF-8, parsed); will try to load it.
DEBUG main freemarker.cache - TemplateLoader.findTemplateSource("exception-view/exception-view_en.ftl"): Not found
DEBUG main freemarker.cache - TemplateLoader.findTemplateSource("exception-view/exception-view.ftl"): Found
DEBUG main freemarker.cache - Loading template for "exception-view/exception-view.ftl"("en", UTF-8, parsed) from "jar:file:/C:/Users/HomePC/.m2/repository/com/aventstack/extentreports/3.1.2/extentreports-3.1.2.jar!/com/aventstack/extentreports/view/html-report/exception-view/exception-view.ftl"
DEBUG main freemarker.cache - Couldn't find template in cache for "dashboard-view/dashboard-view.ftl"("en", UTF-8, parsed); will try to load it.
DEBUG main freemarker.cache - TemplateLoader.findTemplateSource("dashboard-view/dashboard-view_en.ftl"): Not found
DEBUG main freemarker.cache - TemplateLoader.findTemplateSource("dashboard-view/dashboard-view.ftl"): Found
DEBUG main freemarker.cache - Loading template for "dashboard-view/dashboard-view.ftl"("en", UTF-8, parsed) from "jar:file:/C:/Users/HomePC/.m2/repository/com/aventstack/extentreports/3.1.2/extentreports-3.1.2.jar!/com/aventstack/extentreports/view/html-report/dashboard-view/dashboard-view.ftl"
DEBUG main freemarker.cache - Couldn't find template in cache for "logs-view/testrunner-logs-view.ftl"("en", UTF-8, parsed); will try to load it.
DEBUG main freemarker.cache - TemplateLoader.findTemplateSource("logs-view/testrunner-logs-view_en.ftl"): Not found
DEBUG main freemarker.cache - TemplateLoader.findTemplateSource("logs-view/testrunner-logs-view.ftl"): Found
DEBUG main freemarker.cache - Loading template for "logs-view/testrunner-logs-view.ftl"("en", UTF-8, parsed) from "jar:file:/C:/Users/HomePC/.m2/repository/com/aventstack/extentreports/3.1.2/extentreports-3.1.2.jar!/com/aventstack/extentreports/view/html-report/logs-view/testrunner-logs-view.ftl"
INFO main ebanking - URL is opened
INFO main ebanking - Entered UN
INFO main ebanking - Entered PW
INFO main ebanking - Login is Successfull 
INFO main ebanking - XL started here
INFO main ebanking - user name provided
INFO main ebanking - pw  provided
INFO main ebanking - login passed
INFO main ebanking - user name provided
INFO main ebanking - pw  provided
INFO main ebanking - login passed
INFO main ebanking - user name given
INFO main ebanking - password given
INFO main ebanking - providing customer details
INFO main ebanking - validation started...
INFO main ebanking - test case passed
DEBUG main freemarker.cache - Couldn't find template in cache for "index.ftl"("en", UTF-8, parsed); will try to load it.
DEBUG main freemarker.cache - TemplateLoader.findTemplateSource("index_en.ftl"): Not found
DEBUG main freemarker.cache - TemplateLoader.findTemplateSource("index.ftl"): Found
DEBUG main freemarker.cache - Loading template for "index.ftl"("en", UTF-8, parsed) from "jar:file:/C:/Users/HomePC/.m2/repository/com/aventstack/extentreports/3.1.2/extentreports-3.1.2.jar!/com/aventstack/extentreports/view/html-report/index.ftl"
DEBUG main freemarker.cache - Couldn't find template in cache for "head.ftl"("en", UTF-8, parsed); will try to load it.
DEBUG main freemarker.cache - TemplateLoader.findTemplateSource("head_en.ftl"): Not found
DEBUG main freemarker.cache - TemplateLoader.findTemplateSource("head.ftl"): Found
DEBUG main freemarker.cache - Loading template for "head.ftl"("en", UTF-8, parsed) from "jar:file:/C:/Users/HomePC/.m2/repository/com/aventstack/extentreports/3.1.2/extentreports-3.1.2.jar!/com/aventstack/extentreports/view/html-report/head.ftl"
DEBUG main freemarker.cache - Couldn't find template in cache for "nav.ftl"("en", UTF-8, parsed); will try to load it.
DEBUG main freemarker.cache - TemplateLoader.findTemplateSource("nav_en.ftl"): Not found
DEBUG main freemarker.cache - TemplateLoader.findTemplateSource("nav.ftl"): Found
DEBUG main freemarker.cache - Loading template for "nav.ftl"("en", UTF-8, parsed) from "jar:file:/C:/Users/HomePC/.m2/repository/com/aventstack/extentreports/3.1.2/extentreports-3.1.2.jar!/com/aventstack/extentreports/view/html-report/nav.ftl"
DEBUG main freemarker.cache - Couldn't find template in cache for "test-view/test-view.ftl"("en", UTF-8, parsed); will try to load it.
DEBUG main freemarker.cache - TemplateLoader.findTemplateSource("test-view/test-view_en.ftl"): Not found
DEBUG main freemarker.cache - TemplateLoader.findTemplateSource("test-view/test-view.ftl"): Found
DEBUG main freemarker.cache - Loading template for "test-view/test-view.ftl"("en", UTF-8, parsed) from "jar:file:/C:/Users/HomePC/.m2/repository/com/aventstack/extentreports/3.1.2/extentreports-3.1.2.jar!/com/aventstack/extentreports/view/html-report/test-view/test-view.ftl"
DEBUG main freemarker.cache - Couldn't find template in cache for "test-view/test-view-charts.ftl"("en", UTF-8, parsed); will try to load it.
DEBUG main freemarker.cache - TemplateLoader.findTemplateSource("test-view/test-view-charts_en.ftl"): Not found
DEBUG main freemarker.cache - TemplateLoader.findTemplateSource("test-view/test-view-charts.ftl"): Found
DEBUG main freemarker.cache - Loading template for "test-view/test-view-charts.ftl"("en", UTF-8, parsed) from "jar:file:/C:/Users/HomePC/.m2/repository/com/aventstack/extentreports/3.1.2/extentreports-3.1.2.jar!/com/aventstack/extentreports/view/html-report/test-view/test-view-charts.ftl"
DEBUG main freemarker.cache - Couldn't find template in cache for "test-view/standard.ftl"("en", UTF-8, parsed); will try to load it.
DEBUG main freemarker.cache - TemplateLoader.findTemplateSource("test-view/standard_en.ftl"): Not found
DEBUG main freemarker.cache - TemplateLoader.findTemplateSource("test-view/standard.ftl"): Found
DEBUG main freemarker.cache - Loading template for "test-view/standard.ftl"("en", UTF-8, parsed) from "jar:file:/C:/Users/HomePC/.m2/repository/com/aventstack/extentreports/3.1.2/extentreports-3.1.2.jar!/com/aventstack/extentreports/view/html-report/test-view/standard.ftl"
DEBUG main freemarker.cache - "test-view/standard.ftl"("en", UTF-8, parsed) cached copy not yet stale; using cached.
DEBUG main freemarker.cache - "test-view/standard.ftl"("en", UTF-8, parsed) cached copy not yet stale; using cached.
DEBUG main freemarker.cache - "test-view/standard.ftl"("en", UTF-8, parsed) cached copy not yet stale; using cached.
DEBUG main freemarker.cache - Couldn't find template in cache for "category-view/category-view.ftl"("en", UTF-8, parsed); will try to load it.
DEBUG main freemarker.cache - TemplateLoader.findTemplateSource("category-view/category-view_en.ftl"): Not found
DEBUG main freemarker.cache - TemplateLoader.findTemplateSource("category-view/category-view.ftl"): Found
DEBUG main freemarker.cache - Loading template for "category-view/category-view.ftl"("en", UTF-8, parsed) from "jar:file:/C:/Users/HomePC/.m2/repository/com/aventstack/extentreports/3.1.2/extentreports-3.1.2.jar!/com/aventstack/extentreports/view/html-report/category-view/category-view.ftl"
DEBUG main freemarker.cache - Couldn't find template in cache for "author-view/author-view.ftl"("en", UTF-8, parsed); will try to load it.
DEBUG main freemarker.cache - TemplateLoader.findTemplateSource("author-view/author-view_en.ftl"): Not found
DEBUG main freemarker.cache - TemplateLoader.findTemplateSource("author-view/author-view.ftl"): Found
DEBUG main freemarker.cache - Loading template for "author-view/author-view.ftl"("en", UTF-8, parsed) from "jar:file:/C:/Users/HomePC/.m2/repository/com/aventstack/extentreports/3.1.2/extentreports-3.1.2.jar!/com/aventstack/extentreports/view/html-report/author-view/author-view.ftl"
DEBUG main freemarker.cache - Couldn't find template in cache for "exception-view/exception-view.ftl"("en", UTF-8, parsed); will try to load it.
DEBUG main freemarker.cache - TemplateLoader.findTemplateSource("exception-view/exception-view_en.ftl"): Not found
DEBUG main freemarker.cache - TemplateLoader.findTemplateSource("exception-view/exception-view.ftl"): Found
DEBUG main freemarker.cache - Loading template for "exception-view/exception-view.ftl"("en", UTF-8, parsed) from "jar:file:/C:/Users/HomePC/.m2/repository/com/aventstack/extentreports/3.1.2/extentreports-3.1.2.jar!/com/aventstack/extentreports/view/html-report/exception-view/exception-view.ftl"
DEBUG main freemarker.cache - Couldn't find template in cache for "dashboard-view/dashboard-view.ftl"("en", UTF-8, parsed); will try to load it.
DEBUG main freemarker.cache - TemplateLoader.findTemplateSource("dashboard-view/dashboard-view_en.ftl"): Not found
DEBUG main freemarker.cache - TemplateLoader.findTemplateSource("dashboard-view/dashboard-view.ftl"): Found
DEBUG main freemarker.cache - Loading template for "dashboard-view/dashboard-view.ftl"("en", UTF-8, parsed) from "jar:file:/C:/Users/HomePC/.m2/repository/com/aventstack/extentreports/3.1.2/extentreports-3.1.2.jar!/com/aventstack/extentreports/view/html-report/dashboard-view/dashboard-view.ftl"
DEBUG main freemarker.cache - Couldn't find template in cache for "logs-view/testrunner-logs-view.ftl"("en", UTF-8, parsed); will try to load it.
DEBUG main freemarker.cache - TemplateLoader.findTemplateSource("logs-view/testrunner-logs-view_en.ftl"): Not found
DEBUG main freemarker.cache - TemplateLoader.findTemplateSource("logs-view/testrunner-logs-view.ftl"): Found
DEBUG main freemarker.cache - Loading template for "logs-view/testrunner-logs-view.ftl"("en", UTF-8, parsed) from "jar:file:/C:/Users/HomePC/.m2/repository/com/aventstack/extentreports/3.1.2/extentreports-3.1.2.jar!/com/aventstack/extentreports/view/html-report/logs-view/testrunner-logs-view.ftl"
INFO main ebanking - URL is opened
INFO main ebanking - Entered UN
INFO main ebanking - Entered PW
INFO main ebanking - Login is Successfull 
INFO main ebanking - XL started here
INFO main ebanking - user name provided
INFO main ebanking - pw  provided
INFO main ebanking - login passed
INFO main ebanking - user name provided
INFO main ebanking - pw  provided
INFO main ebanking - login passed
INFO main ebanking - user name given
INFO main ebanking - password given
INFO main ebanking - providing customer details
INFO main ebanking - validation started...
INFO main ebanking - test case passed
DEBUG main freemarker.cache - Couldn't find template in cache for "index.ftl"("en", UTF-8, parsed); will try to load it.
DEBUG main freemarker.cache - TemplateLoader.findTemplateSource("index_en.ftl"): Not found
DEBUG main freemarker.cache - TemplateLoader.findTemplateSource("index.ftl"): Found
DEBUG main freemarker.cache - Loading template for "index.ftl"("en", UTF-8, parsed) from "jar:file:/C:/Users/HomePC/.m2/repository/com/aventstack/extentreports/3.1.2/extentreports-3.1.2.jar!/com/aventstack/extentreports/view/html-report/index.ftl"
DEBUG main freemarker.cache - Couldn't find template in cache for "head.ftl"("en", UTF-8, parsed); will try to load it.
DEBUG main freemarker.cache - TemplateLoader.findTemplateSource("head_en.ftl"): Not found
DEBUG main freemarker.cache - TemplateLoader.findTemplateSource("head.ftl"): Found
DEBUG main freemarker.cache - Loading template for "head.ftl"("en", UTF-8, parsed) from "jar:file:/C:/Users/HomePC/.m2/repository/com/aventstack/extentreports/3.1.2/extentreports-3.1.2.jar!/com/aventstack/extentreports/view/html-report/head.ftl"
DEBUG main freemarker.cache - Couldn't find template in cache for "nav.ftl"("en", UTF-8, parsed); will try to load it.
DEBUG main freemarker.cache - TemplateLoader.findTemplateSource("nav_en.ftl"): Not found
DEBUG main freemarker.cache - TemplateLoader.findTemplateSource("nav.ftl"): Found
DEBUG main freemarker.cache - Loading template for "nav.ftl"("en", UTF-8, parsed) from "jar:file:/C:/Users/HomePC/.m2/repository/com/aventstack/extentreports/3.1.2/extentreports-3.1.2.jar!/com/aventstack/extentreports/view/html-report/nav.ftl"
DEBUG main freemarker.cache - Couldn't find template in cache for "test-view/test-view.ftl"("en", UTF-8, parsed); will try to load it.
DEBUG main freemarker.cache - TemplateLoader.findTemplateSource("test-view/test-view_en.ftl"): Not found
DEBUG main freemarker.cache - TemplateLoader.findTemplateSource("test-view/test-view.ftl"): Found
DEBUG main freemarker.cache - Loading template for "test-view/test-view.ftl"("en", UTF-8, parsed) from "jar:file:/C:/Users/HomePC/.m2/repository/com/aventstack/extentreports/3.1.2/extentreports-3.1.2.jar!/com/aventstack/extentreports/view/html-report/test-view/test-view.ftl"
DEBUG main freemarker.cache - Couldn't find template in cache for "test-view/test-view-charts.ftl"("en", UTF-8, parsed); will try to load it.
DEBUG main freemarker.cache - TemplateLoader.findTemplateSource("test-view/test-view-charts_en.ftl"): Not found
DEBUG main freemarker.cache - TemplateLoader.findTemplateSource("test-view/test-view-charts.ftl"): Found
DEBUG main freemarker.cache - Loading template for "test-view/test-view-charts.ftl"("en", UTF-8, parsed) from "jar:file:/C:/Users/HomePC/.m2/repository/com/aventstack/extentreports/3.1.2/extentreports-3.1.2.jar!/com/aventstack/extentreports/view/html-report/test-view/test-view-charts.ftl"
DEBUG main freemarker.cache - Couldn't find template in cache for "test-view/standard.ftl"("en", UTF-8, parsed); will try to load it.
DEBUG main freemarker.cache - TemplateLoader.findTemplateSource("test-view/standard_en.ftl"): Not found
DEBUG main freemarker.cache - TemplateLoader.findTemplateSource("test-view/standard.ftl"): Found
DEBUG main freemarker.cache - Loading template for "test-view/standard.ftl"("en", UTF-8, parsed) from "jar:file:/C:/Users/HomePC/.m2/repository/com/aventstack/extentreports/3.1.2/extentreports-3.1.2.jar!/com/aventstack/extentreports/view/html-report/test-view/standard.ftl"
DEBUG main freemarker.cache - "test-view/standard.ftl"("en", UTF-8, parsed) cached copy not yet stale; using cached.
DEBUG main freemarker.cache - "test-view/standard.ftl"("en", UTF-8, parsed) cached copy not yet stale; using cached.
DEBUG main freemarker.cache - "test-view/standard.ftl"("en", UTF-8, parsed) cached copy not yet stale; using cached.
DEBUG main freemarker.cache - Couldn't find template in cache for "category-view/category-view.ftl"("en", UTF-8, parsed); will try to load it.
DEBUG main freemarker.cache - TemplateLoader.findTemplateSource("category-view/category-view_en.ftl"): Not found
DEBUG main freemarker.cache - TemplateLoader.findTemplateSource("category-view/category-view.ftl"): Found
DEBUG main freemarker.cache - Loading template for "category-view/category-view.ftl"("en", UTF-8, parsed) from "jar:file:/C:/Users/HomePC/.m2/repository/com/aventstack/extentreports/3.1.2/extentreports-3.1.2.jar!/com/aventstack/extentreports/view/html-report/category-view/category-view.ftl"
DEBUG main freemarker.cache - Couldn't find template in cache for "author-view/author-view.ftl"("en", UTF-8, parsed); will try to load it.
DEBUG main freemarker.cache - TemplateLoader.findTemplateSource("author-view/author-view_en.ftl"): Not found
DEBUG main freemarker.cache - TemplateLoader.findTemplateSource("author-view/author-view.ftl"): Found
DEBUG main freemarker.cache - Loading template for "author-view/author-view.ftl"("en", UTF-8, parsed) from "jar:file:/C:/Users/HomePC/.m2/repository/com/aventstack/extentreports/3.1.2/extentreports-3.1.2.jar!/com/aventstack/extentreports/view/html-report/author-view/author-view.ftl"
DEBUG main freemarker.cache - Couldn't find template in cache for "exception-view/exception-view.ftl"("en", UTF-8, parsed); will try to load it.
DEBUG main freemarker.cache - TemplateLoader.findTemplateSource("exception-view/exception-view_en.ftl"): Not found
DEBUG main freemarker.cache - TemplateLoader.findTemplateSource("exception-view/exception-view.ftl"): Found
DEBUG main freemarker.cache - Loading template for "exception-view/exception-view.ftl"("en", UTF-8, parsed) from "jar:file:/C:/Users/HomePC/.m2/repository/com/aventstack/extentreports/3.1.2/extentreports-3.1.2.jar!/com/aventstack/extentreports/view/html-report/exception-view/exception-view.ftl"
DEBUG main freemarker.cache - Couldn't find template in cache for "dashboard-view/dashboard-view.ftl"("en", UTF-8, parsed); will try to load it.
DEBUG main freemarker.cache - TemplateLoader.findTemplateSource("dashboard-view/dashboard-view_en.ftl"): Not found
DEBUG main freemarker.cache - TemplateLoader.findTemplateSource("dashboard-view/dashboard-view.ftl"): Found
DEBUG main freemarker.cache - Loading template for "dashboard-view/dashboard-view.ftl"("en", UTF-8, parsed) from "jar:file:/C:/Users/HomePC/.m2/repository/com/aventstack/extentreports/3.1.2/extentreports-3.1.2.jar!/com/aventstack/extentreports/view/html-report/dashboard-view/dashboard-view.ftl"
DEBUG main freemarker.cache - Couldn't find template in cache for "logs-view/testrunner-logs-view.ftl"("en", UTF-8, parsed); will try to load it.
DEBUG main freemarker.cache - TemplateLoader.findTemplateSource("logs-view/testrunner-logs-view_en.ftl"): Not found
DEBUG main freemarker.cache - TemplateLoader.findTemplateSource("logs-view/testrunner-logs-view.ftl"): Found
DEBUG main freemarker.cache - Loading template for "logs-view/testrunner-logs-view.ftl"("en", UTF-8, parsed) from "jar:file:/C:/Users/HomePC/.m2/repository/com/aventstack/extentreports/3.1.2/extentreports-3.1.2.jar!/com/aventstack/extentreports/view/html-report/logs-view/testrunner-logs-view.ftl"
INFO main ebanking - URL is opened
INFO main ebanking - Entered UN
INFO main ebanking - Entered PW
INFO main ebanking - XL started here
INFO main ebanking - user name provided
INFO main ebanking - pw  provided
INFO main ebanking - login passed
INFO main ebanking - user name provided
INFO main ebanking - pw  provided
INFO main ebanking - login passed
INFO main ebanking - user name given
INFO main ebanking - password given
INFO main ebanking - providing customer details
INFO main ebanking - validation started...
INFO main ebanking - test case passed
DEBUG main freemarker.cache - Couldn't find template in cache for "index.ftl"("en", UTF-8, parsed); will try to load it.
DEBUG main freemarker.cache - TemplateLoader.findTemplateSource("index_en.ftl"): Not found
DEBUG main freemarker.cache - TemplateLoader.findTemplateSource("index.ftl"): Found
DEBUG main freemarker.cache - Loading template for "index.ftl"("en", UTF-8, parsed) from "jar:file:/C:/Users/HomePC/.m2/repository/com/aventstack/extentreports/3.1.2/extentreports-3.1.2.jar!/com/aventstack/extentreports/view/html-report/index.ftl"
DEBUG main freemarker.cache - Couldn't find template in cache for "head.ftl"("en", UTF-8, parsed); will try to load it.
DEBUG main freemarker.cache - TemplateLoader.findTemplateSource("head_en.ftl"): Not found
DEBUG main freemarker.cache - TemplateLoader.findTemplateSource("head.ftl"): Found
DEBUG main freemarker.cache - Loading template for "head.ftl"("en", UTF-8, parsed) from "jar:file:/C:/Users/HomePC/.m2/repository/com/aventstack/extentreports/3.1.2/extentreports-3.1.2.jar!/com/aventstack/extentreports/view/html-report/head.ftl"
DEBUG main freemarker.cache - Couldn't find template in cache for "nav.ftl"("en", UTF-8, parsed); will try to load it.
DEBUG main freemarker.cache - TemplateLoader.findTemplateSource("nav_en.ftl"): Not found
DEBUG main freemarker.cache - TemplateLoader.findTemplateSource("nav.ftl"): Found
DEBUG main freemarker.cache - Loading template for "nav.ftl"("en", UTF-8, parsed) from "jar:file:/C:/Users/HomePC/.m2/repository/com/aventstack/extentreports/3.1.2/extentreports-3.1.2.jar!/com/aventstack/extentreports/view/html-report/nav.ftl"
DEBUG main freemarker.cache - Couldn't find template in cache for "test-view/test-view.ftl"("en", UTF-8, parsed); will try to load it.
DEBUG main freemarker.cache - TemplateLoader.findTemplateSource("test-view/test-view_en.ftl"): Not found
DEBUG main freemarker.cache - TemplateLoader.findTemplateSource("test-view/test-view.ftl"): Found
DEBUG main freemarker.cache - Loading template for "test-view/test-view.ftl"("en", UTF-8, parsed) from "jar:file:/C:/Users/HomePC/.m2/repository/com/aventstack/extentreports/3.1.2/extentreports-3.1.2.jar!/com/aventstack/extentreports/view/html-report/test-view/test-view.ftl"
DEBUG main freemarker.cache - Couldn't find template in cache for "test-view/test-view-charts.ftl"("en", UTF-8, parsed); will try to load it.
DEBUG main freemarker.cache - TemplateLoader.findTemplateSource("test-view/test-view-charts_en.ftl"): Not found
DEBUG main freemarker.cache - TemplateLoader.findTemplateSource("test-view/test-view-charts.ftl"): Found
DEBUG main freemarker.cache - Loading template for "test-view/test-view-charts.ftl"("en", UTF-8, parsed) from "jar:file:/C:/Users/HomePC/.m2/repository/com/aventstack/extentreports/3.1.2/extentreports-3.1.2.jar!/com/aventstack/extentreports/view/html-report/test-view/test-view-charts.ftl"
DEBUG main freemarker.cache - Couldn't find template in cache for "test-view/standard.ftl"("en", UTF-8, parsed); will try to load it.
DEBUG main freemarker.cache - TemplateLoader.findTemplateSource("test-view/standard_en.ftl"): Not found
DEBUG main freemarker.cache - TemplateLoader.findTemplateSource("test-view/standard.ftl"): Found
DEBUG main freemarker.cache - Loading template for "test-view/standard.ftl"("en", UTF-8, parsed) from "jar:file:/C:/Users/HomePC/.m2/repository/com/aventstack/extentreports/3.1.2/extentreports-3.1.2.jar!/com/aventstack/extentreports/view/html-report/test-view/standard.ftl"
DEBUG main freemarker.cache - "test-view/standard.ftl"("en", UTF-8, parsed) cached copy not yet stale; using cached.
DEBUG main freemarker.cache - "test-view/standard.ftl"("en", UTF-8, parsed) cached copy not yet stale; using cached.
DEBUG main freemarker.cache - "test-view/standard.ftl"("en", UTF-8, parsed) cached copy not yet stale; using cached.
DEBUG main freemarker.cache - Couldn't find template in cache for "category-view/category-view.ftl"("en", UTF-8, parsed); will try to load it.
DEBUG main freemarker.cache - TemplateLoader.findTemplateSource("category-view/category-view_en.ftl"): Not found
DEBUG main freemarker.cache - TemplateLoader.findTemplateSource("category-view/category-view.ftl"): Found
DEBUG main freemarker.cache - Loading template for "category-view/category-view.ftl"("en", UTF-8, parsed) from "jar:file:/C:/Users/HomePC/.m2/repository/com/aventstack/extentreports/3.1.2/extentreports-3.1.2.jar!/com/aventstack/extentreports/view/html-report/category-view/category-view.ftl"
DEBUG main freemarker.cache - Couldn't find template in cache for "author-view/author-view.ftl"("en", UTF-8, parsed); will try to load it.
DEBUG main freemarker.cache - TemplateLoader.findTemplateSource("author-view/author-view_en.ftl"): Not found
DEBUG main freemarker.cache - TemplateLoader.findTemplateSource("author-view/author-view.ftl"): Found
DEBUG main freemarker.cache - Loading template for "author-view/author-view.ftl"("en", UTF-8, parsed) from "jar:file:/C:/Users/HomePC/.m2/repository/com/aventstack/extentreports/3.1.2/extentreports-3.1.2.jar!/com/aventstack/extentreports/view/html-report/author-view/author-view.ftl"
DEBUG main freemarker.cache - Couldn't find template in cache for "exception-view/exception-view.ftl"("en", UTF-8, parsed); will try to load it.
DEBUG main freemarker.cache - TemplateLoader.findTemplateSource("exception-view/exception-view_en.ftl"): Not found
DEBUG main freemarker.cache - TemplateLoader.findTemplateSource("exception-view/exception-view.ftl"): Found
DEBUG main freemarker.cache - Loading template for "exception-view/exception-view.ftl"("en", UTF-8, parsed) from "jar:file:/C:/Users/HomePC/.m2/repository/com/aventstack/extentreports/3.1.2/extentreports-3.1.2.jar!/com/aventstack/extentreports/view/html-report/exception-view/exception-view.ftl"
DEBUG main freemarker.cache - Couldn't find template in cache for "dashboard-view/dashboard-view.ftl"("en", UTF-8, parsed); will try to load it.
DEBUG main freemarker.cache - TemplateLoader.findTemplateSource("dashboard-view/dashboard-view_en.ftl"): Not found
DEBUG main freemarker.cache - TemplateLoader.findTemplateSource("dashboard-view/dashboard-view.ftl"): Found
DEBUG main freemarker.cache - Loading template for "dashboard-view/dashboard-view.ftl"("en", UTF-8, parsed) from "jar:file:/C:/Users/HomePC/.m2/repository/com/aventstack/extentreports/3.1.2/extentreports-3.1.2.jar!/com/aventstack/extentreports/view/html-report/dashboard-view/dashboard-view.ftl"
DEBUG main freemarker.cache - Couldn't find template in cache for "logs-view/testrunner-logs-view.ftl"("en", UTF-8, parsed); will try to load it.
DEBUG main freemarker.cache - TemplateLoader.findTemplateSource("logs-view/testrunner-logs-view_en.ftl"): Not found
DEBUG main freemarker.cache - TemplateLoader.findTemplateSource("logs-view/testrunner-logs-view.ftl"): Found
DEBUG main freemarker.cache - Loading template for "logs-view/testrunner-logs-view.ftl"("en", UTF-8, parsed) from "jar:file:/C:/Users/HomePC/.m2/repository/com/aventstack/extentreports/3.1.2/extentreports-3.1.2.jar!/com/aventstack/extentreports/view/html-report/logs-view/testrunner-logs-view.ftl"
INFO main ebanking - URL is opened
INFO main ebanking - Entered UN
INFO main ebanking - Entered PW
INFO main ebanking - Login is Successfull 
INFO main ebanking - XL started here
INFO main ebanking - user name provided
INFO main ebanking - pw  provided
INFO main ebanking - user name given
INFO main ebanking - password given
INFO main ebanking - providing customer details
INFO main ebanking - validation started...
INFO main ebanking - test case passed
DEBUG main freemarker.cache - Couldn't find template in cache for "index.ftl"("en", UTF-8, parsed); will try to load it.
DEBUG main freemarker.cache - TemplateLoader.findTemplateSource("index_en.ftl"): Not found
DEBUG main freemarker.cache - TemplateLoader.findTemplateSource("index.ftl"): Found
DEBUG main freemarker.cache - Loading template for "index.ftl"("en", UTF-8, parsed) from "jar:file:/C:/Users/HomePC/.m2/repository/com/aventstack/extentreports/3.1.2/extentreports-3.1.2.jar!/com/aventstack/extentreports/view/html-report/index.ftl"
DEBUG main freemarker.cache - Couldn't find template in cache for "head.ftl"("en", UTF-8, parsed); will try to load it.
DEBUG main freemarker.cache - TemplateLoader.findTemplateSource("head_en.ftl"): Not found
DEBUG main freemarker.cache - TemplateLoader.findTemplateSource("head.ftl"): Found
DEBUG main freemarker.cache - Loading template for "head.ftl"("en", UTF-8, parsed) from "jar:file:/C:/Users/HomePC/.m2/repository/com/aventstack/extentreports/3.1.2/extentreports-3.1.2.jar!/com/aventstack/extentreports/view/html-report/head.ftl"
DEBUG main freemarker.cache - Couldn't find template in cache for "nav.ftl"("en", UTF-8, parsed); will try to load it.
DEBUG main freemarker.cache - TemplateLoader.findTemplateSource("nav_en.ftl"): Not found
DEBUG main freemarker.cache - TemplateLoader.findTemplateSource("nav.ftl"): Found
DEBUG main freemarker.cache - Loading template for "nav.ftl"("en", UTF-8, parsed) from "jar:file:/C:/Users/HomePC/.m2/repository/com/aventstack/extentreports/3.1.2/extentreports-3.1.2.jar!/com/aventstack/extentreports/view/html-report/nav.ftl"
DEBUG main freemarker.cache - Couldn't find template in cache for "test-view/test-view.ftl"("en", UTF-8, parsed); will try to load it.
DEBUG main freemarker.cache - TemplateLoader.findTemplateSource("test-view/test-view_en.ftl"): Not found
DEBUG main freemarker.cache - TemplateLoader.findTemplateSource("test-view/test-view.ftl"): Found
DEBUG main freemarker.cache - Loading template for "test-view/test-view.ftl"("en", UTF-8, parsed) from "jar:file:/C:/Users/HomePC/.m2/repository/com/aventstack/extentreports/3.1.2/extentreports-3.1.2.jar!/com/aventstack/extentreports/view/html-report/test-view/test-view.ftl"
DEBUG main freemarker.cache - Couldn't find template in cache for "test-view/test-view-charts.ftl"("en", UTF-8, parsed); will try to load it.
DEBUG main freemarker.cache - TemplateLoader.findTemplateSource("test-view/test-view-charts_en.ftl"): Not found
DEBUG main freemarker.cache - TemplateLoader.findTemplateSource("test-view/test-view-charts.ftl"): Found
DEBUG main freemarker.cache - Loading template for "test-view/test-view-charts.ftl"("en", UTF-8, parsed) from "jar:file:/C:/Users/HomePC/.m2/repository/com/aventstack/extentreports/3.1.2/extentreports-3.1.2.jar!/com/aventstack/extentreports/view/html-report/test-view/test-view-charts.ftl"
DEBUG main freemarker.cache - Couldn't find template in cache for "test-view/standard.ftl"("en", UTF-8, parsed); will try to load it.
DEBUG main freemarker.cache - TemplateLoader.findTemplateSource("test-view/standard_en.ftl"): Not found
DEBUG main freemarker.cache - TemplateLoader.findTemplateSource("test-view/standard.ftl"): Found
DEBUG main freemarker.cache - Loading template for "test-view/standard.ftl"("en", UTF-8, parsed) from "jar:file:/C:/Users/HomePC/.m2/repository/com/aventstack/extentreports/3.1.2/extentreports-3.1.2.jar!/com/aventstack/extentreports/view/html-report/test-view/standard.ftl"
DEBUG main freemarker.cache - "test-view/standard.ftl"("en", UTF-8, parsed) cached copy not yet stale; using cached.
DEBUG main freemarker.cache - "test-view/standard.ftl"("en", UTF-8, parsed) cached copy not yet stale; using cached.
DEBUG main freemarker.cache - "test-view/standard.ftl"("en", UTF-8, parsed) cached copy not yet stale; using cached.
DEBUG main freemarker.cache - Couldn't find template in cache for "category-view/category-view.ftl"("en", UTF-8, parsed); will try to load it.
DEBUG main freemarker.cache - TemplateLoader.findTemplateSource("category-view/category-view_en.ftl"): Not found
DEBUG main freemarker.cache - TemplateLoader.findTemplateSource("category-view/category-view.ftl"): Found
DEBUG main freemarker.cache - Loading template for "category-view/category-view.ftl"("en", UTF-8, parsed) from "jar:file:/C:/Users/HomePC/.m2/repository/com/aventstack/extentreports/3.1.2/extentreports-3.1.2.jar!/com/aventstack/extentreports/view/html-report/category-view/category-view.ftl"
DEBUG main freemarker.cache - Couldn't find template in cache for "author-view/author-view.ftl"("en", UTF-8, parsed); will try to load it.
DEBUG main freemarker.cache - TemplateLoader.findTemplateSource("author-view/author-view_en.ftl"): Not found
DEBUG main freemarker.cache - TemplateLoader.findTemplateSource("author-view/author-view.ftl"): Found
DEBUG main freemarker.cache - Loading template for "author-view/author-view.ftl"("en", UTF-8, parsed) from "jar:file:/C:/Users/HomePC/.m2/repository/com/aventstack/extentreports/3.1.2/extentreports-3.1.2.jar!/com/aventstack/extentreports/view/html-report/author-view/author-view.ftl"
DEBUG main freemarker.cache - Couldn't find template in cache for "exception-view/exception-view.ftl"("en", UTF-8, parsed); will try to load it.
DEBUG main freemarker.cache - TemplateLoader.findTemplateSource("exception-view/exception-view_en.ftl"): Not found
DEBUG main freemarker.cache - TemplateLoader.findTemplateSource("exception-view/exception-view.ftl"): Found
DEBUG main freemarker.cache - Loading template for "exception-view/exception-view.ftl"("en", UTF-8, parsed) from "jar:file:/C:/Users/HomePC/.m2/repository/com/aventstack/extentreports/3.1.2/extentreports-3.1.2.jar!/com/aventstack/extentreports/view/html-report/exception-view/exception-view.ftl"
DEBUG main freemarker.cache - Couldn't find template in cache for "dashboard-view/dashboard-view.ftl"("en", UTF-8, parsed); will try to load it.
DEBUG main freemarker.cache - TemplateLoader.findTemplateSource("dashboard-view/dashboard-view_en.ftl"): Not found
DEBUG main freemarker.cache - TemplateLoader.findTemplateSource("dashboard-view/dashboard-view.ftl"): Found
DEBUG main freemarker.cache - Loading template for "dashboard-view/dashboard-view.ftl"("en", UTF-8, parsed) from "jar:file:/C:/Users/HomePC/.m2/repository/com/aventstack/extentreports/3.1.2/extentreports-3.1.2.jar!/com/aventstack/extentreports/view/html-report/dashboard-view/dashboard-view.ftl"
DEBUG main freemarker.cache - Couldn't find template in cache for "logs-view/testrunner-logs-view.ftl"("en", UTF-8, parsed); will try to load it.
DEBUG main freemarker.cache - TemplateLoader.findTemplateSource("logs-view/testrunner-logs-view_en.ftl"): Not found
DEBUG main freemarker.cache - TemplateLoader.findTemplateSource("logs-view/testrunner-logs-view.ftl"): Found
DEBUG main freemarker.cache - Loading template for "logs-view/testrunner-logs-view.ftl"("en", UTF-8, parsed) from "jar:file:/C:/Users/HomePC/.m2/repository/com/aventstack/extentreports/3.1.2/extentreports-3.1.2.jar!/com/aventstack/extentreports/view/html-report/logs-view/testrunner-logs-view.ftl"
INFO main ebanking - URL is opened
INFO main ebanking - Entered UN
INFO main ebanking - Entered PW
INFO main ebanking - Login is Successfull 
INFO main ebanking - XL started here
INFO main ebanking - user name provided
INFO main ebanking - pw  provided
INFO main ebanking - login passed
INFO main ebanking - user name provided
INFO main ebanking - pw  provided
INFO main ebanking - login passed
INFO main ebanking - user name given
INFO main ebanking - password given
INFO main ebanking - providing customer details
INFO main ebanking - validation started...
INFO main ebanking - test case passed
DEBUG main freemarker.cache - Couldn't find template in cache for "index.ftl"("en", UTF-8, parsed); will try to load it.
DEBUG main freemarker.cache - TemplateLoader.findTemplateSource("index_en.ftl"): Not found
DEBUG main freemarker.cache - TemplateLoader.findTemplateSource("index.ftl"): Found
DEBUG main freemarker.cache - Loading template for "index.ftl"("en", UTF-8, parsed) from "jar:file:/C:/Users/HomePC/.m2/repository/com/aventstack/extentreports/3.1.2/extentreports-3.1.2.jar!/com/aventstack/extentreports/view/html-report/index.ftl"
DEBUG main freemarker.cache - Couldn't find template in cache for "head.ftl"("en", UTF-8, parsed); will try to load it.
DEBUG main freemarker.cache - TemplateLoader.findTemplateSource("head_en.ftl"): Not found
DEBUG main freemarker.cache - TemplateLoader.findTemplateSource("head.ftl"): Found
DEBUG main freemarker.cache - Loading template for "head.ftl"("en", UTF-8, parsed) from "jar:file:/C:/Users/HomePC/.m2/repository/com/aventstack/extentreports/3.1.2/extentreports-3.1.2.jar!/com/aventstack/extentreports/view/html-report/head.ftl"
DEBUG main freemarker.cache - Couldn't find template in cache for "nav.ftl"("en", UTF-8, parsed); will try to load it.
DEBUG main freemarker.cache - TemplateLoader.findTemplateSource("nav_en.ftl"): Not found
DEBUG main freemarker.cache - TemplateLoader.findTemplateSource("nav.ftl"): Found
DEBUG main freemarker.cache - Loading template for "nav.ftl"("en", UTF-8, parsed) from "jar:file:/C:/Users/HomePC/.m2/repository/com/aventstack/extentreports/3.1.2/extentreports-3.1.2.jar!/com/aventstack/extentreports/view/html-report/nav.ftl"
DEBUG main freemarker.cache - Couldn't find template in cache for "test-view/test-view.ftl"("en", UTF-8, parsed); will try to load it.
DEBUG main freemarker.cache - TemplateLoader.findTemplateSource("test-view/test-view_en.ftl"): Not found
DEBUG main freemarker.cache - TemplateLoader.findTemplateSource("test-view/test-view.ftl"): Found
DEBUG main freemarker.cache - Loading template for "test-view/test-view.ftl"("en", UTF-8, parsed) from "jar:file:/C:/Users/HomePC/.m2/repository/com/aventstack/extentreports/3.1.2/extentreports-3.1.2.jar!/com/aventstack/extentreports/view/html-report/test-view/test-view.ftl"
DEBUG main freemarker.cache - Couldn't find template in cache for "test-view/test-view-charts.ftl"("en", UTF-8, parsed); will try to load it.
DEBUG main freemarker.cache - TemplateLoader.findTemplateSource("test-view/test-view-charts_en.ftl"): Not found
DEBUG main freemarker.cache - TemplateLoader.findTemplateSource("test-view/test-view-charts.ftl"): Found
DEBUG main freemarker.cache - Loading template for "test-view/test-view-charts.ftl"("en", UTF-8, parsed) from "jar:file:/C:/Users/HomePC/.m2/repository/com/aventstack/extentreports/3.1.2/extentreports-3.1.2.jar!/com/aventstack/extentreports/view/html-report/test-view/test-view-charts.ftl"
DEBUG main freemarker.cache - Couldn't find template in cache for "test-view/standard.ftl"("en", UTF-8, parsed); will try to load it.
DEBUG main freemarker.cache - TemplateLoader.findTemplateSource("test-view/standard_en.ftl"): Not found
DEBUG main freemarker.cache - TemplateLoader.findTemplateSource("test-view/standard.ftl"): Found
DEBUG main freemarker.cache - Loading template for "test-view/standard.ftl"("en", UTF-8, parsed) from "jar:file:/C:/Users/HomePC/.m2/repository/com/aventstack/extentreports/3.1.2/extentreports-3.1.2.jar!/com/aventstack/extentreports/view/html-report/test-view/standard.ftl"
DEBUG main freemarker.cache - "test-view/standard.ftl"("en", UTF-8, parsed) cached copy not yet stale; using cached.
DEBUG main freemarker.cache - "test-view/standard.ftl"("en", UTF-8, parsed) cached copy not yet stale; using cached.
DEBUG main freemarker.cache - "test-view/standard.ftl"("en", UTF-8, parsed) cached copy not yet stale; using cached.
DEBUG main freemarker.cache - Couldn't find template in cache for "category-view/category-view.ftl"("en", UTF-8, parsed); will try to load it.
DEBUG main freemarker.cache - TemplateLoader.findTemplateSource("category-view/category-view_en.ftl"): Not found
DEBUG main freemarker.cache - TemplateLoader.findTemplateSource("category-view/category-view.ftl"): Found
DEBUG main freemarker.cache - Loading template for "category-view/category-view.ftl"("en", UTF-8, parsed) from "jar:file:/C:/Users/HomePC/.m2/repository/com/aventstack/extentreports/3.1.2/extentreports-3.1.2.jar!/com/aventstack/extentreports/view/html-report/category-view/category-view.ftl"
DEBUG main freemarker.cache - Couldn't find template in cache for "author-view/author-view.ftl"("en", UTF-8, parsed); will try to load it.
DEBUG main freemarker.cache - TemplateLoader.findTemplateSource("author-view/author-view_en.ftl"): Not found
DEBUG main freemarker.cache - TemplateLoader.findTemplateSource("author-view/author-view.ftl"): Found
DEBUG main freemarker.cache - Loading template for "author-view/author-view.ftl"("en", UTF-8, parsed) from "jar:file:/C:/Users/HomePC/.m2/repository/com/aventstack/extentreports/3.1.2/extentreports-3.1.2.jar!/com/aventstack/extentreports/view/html-report/author-view/author-view.ftl"
DEBUG main freemarker.cache - Couldn't find template in cache for "exception-view/exception-view.ftl"("en", UTF-8, parsed); will try to load it.
DEBUG main freemarker.cache - TemplateLoader.findTemplateSource("exception-view/exception-view_en.ftl"): Not found
DEBUG main freemarker.cache - TemplateLoader.findTemplateSource("exception-view/exception-view.ftl"): Found
DEBUG main freemarker.cache - Loading template for "exception-view/exception-view.ftl"("en", UTF-8, parsed) from "jar:file:/C:/Users/HomePC/.m2/repository/com/aventstack/extentreports/3.1.2/extentreports-3.1.2.jar!/com/aventstack/extentreports/view/html-report/exception-view/exception-view.ftl"
DEBUG main freemarker.cache - Couldn't find template in cache for "dashboard-view/dashboard-view.ftl"("en", UTF-8, parsed); will try to load it.
DEBUG main freemarker.cache - TemplateLoader.findTemplateSource("dashboard-view/dashboard-view_en.ftl"): Not found
DEBUG main freemarker.cache - TemplateLoader.findTemplateSource("dashboard-view/dashboard-view.ftl"): Found
DEBUG main freemarker.cache - Loading template for "dashboard-view/dashboard-view.ftl"("en", UTF-8, parsed) from "jar:file:/C:/Users/HomePC/.m2/repository/com/aventstack/extentreports/3.1.2/extentreports-3.1.2.jar!/com/aventstack/extentreports/view/html-report/dashboard-view/dashboard-view.ftl"
DEBUG main freemarker.cache - Couldn't find template in cache for "logs-view/testrunner-logs-view.ftl"("en", UTF-8, parsed); will try to load it.
DEBUG main freemarker.cache - TemplateLoader.findTemplateSource("logs-view/testrunner-logs-view_en.ftl"): Not found
DEBUG main freemarker.cache - TemplateLoader.findTemplateSource("logs-view/testrunner-logs-view.ftl"): Found
DEBUG main freemarker.cache - Loading template for "logs-view/testrunner-logs-view.ftl"("en", UTF-8, parsed) from "jar:file:/C:/Users/HomePC/.m2/repository/com/aventstack/extentreports/3.1.2/extentreports-3.1.2.jar!/com/aventstack/extentreports/view/html-report/logs-view/testrunner-logs-view.ftl"
